<?xml version="1.0" encoding="UTF-8"?>
<!-- Generated by org.testng.reporters.JUnitReportReporter -->
<testsuite hostname="LAPTOP-6BKLNTQ5" failures="0" tests="1" name="com.LoginTestcase.Test_Login" time="3.154" errors="0" timestamp="2024-03-26T13:37:29 IST" skipped="0">
  <testcase classname="com.LoginTestcase.Test_Login" name="testLogin" time="3.154"/>
  <system-out/>
</testsuite> <!-- com.LoginTestcase.Test_Login -->
