<?xml version="1.0" encoding="UTF-8"?>
<!-- Generated by org.testng.reporters.JUnitReportReporter -->
<testsuite hostname="LAPTOP-6BKLNTQ5" failures="0" tests="1" name="com.WebDriverDemos.Registeratiionform" time="0.692" errors="0" timestamp="2024-03-26T15:13:32 IST" skipped="0">
  <testcase classname="com.WebDriverDemos.Registeratiionform" name="testRegistrationForm" time="0.692"/>
  <system-out/>
</testsuite> <!-- com.WebDriverDemos.Registeratiionform -->
